<?xml version="1.0" encoding="UTF-8"?>
<testsuite xmlns:xsi="http://www.w3.org/2001/XMLSchema-instance" xsi:noNamespaceSchemaLocation="https://maven.apache.org/surefire/maven-surefire-plugin/xsd/surefire-test-report.xsd" name="com.onlineshop.backendproject.ProductTest" time="1.648" tests="6" errors="1" skipped="5" failures="0">
  <properties>
    <property name="sun.desktop" value="windows"/>
    <property name="awt.toolkit" value="sun.awt.windows.WToolkit"/>
    <property name="file.encoding.pkg" value="sun.io"/>
    <property name="java.specification.version" value="1.8"/>
    <property name="sun.cpu.isalist" value="amd64"/>
    <property name="sun.jnu.encoding" value="Cp1252"/>
    <property name="java.class.path" value="C:\Users\Mutti Foods India\DtProject\backendproject\target\test-classes;C:\Users\Mutti Foods India\DtProject\backendproject\target\classes;C:\Users\Mutti Foods India\.m2\repository\junit\junit\4.11\junit-4.11.jar;C:\Users\Mutti Foods India\.m2\repository\org\hamcrest\hamcrest-core\1.3\hamcrest-core-1.3.jar;C:\Users\Mutti Foods India\.m2\repository\com\h2database\h2\1.4.196\h2-1.4.196.jar;C:\Users\Mutti Foods India\.m2\repository\org\hibernate\hibernate-core\5.2.7.Final\hibernate-core-5.2.7.Final.jar;C:\Users\Mutti Foods India\.m2\repository\org\jboss\logging\jboss-logging\3.3.0.Final\jboss-logging-3.3.0.Final.jar;C:\Users\Mutti Foods India\.m2\repository\org\hibernate\javax\persistence\hibernate-jpa-2.1-api\1.0.0.Final\hibernate-jpa-2.1-api-1.0.0.Final.jar;C:\Users\Mutti Foods India\.m2\repository\org\javassist\javassist\3.20.0-GA\javassist-3.20.0-GA.jar;C:\Users\Mutti Foods India\.m2\repository\antlr\antlr\2.7.7\antlr-2.7.7.jar;C:\Users\Mutti Foods India\.m2\repository\org\apache\geronimo\specs\geronimo-jta_1.1_spec\1.1.1\geronimo-jta_1.1_spec-1.1.1.jar;C:\Users\Mutti Foods India\.m2\repository\org\jboss\jandex\2.0.3.Final\jandex-2.0.3.Final.jar;C:\Users\Mutti Foods India\.m2\repository\com\fasterxml\classmate\1.3.0\classmate-1.3.0.jar;C:\Users\Mutti Foods India\.m2\repository\dom4j\dom4j\1.6.1\dom4j-1.6.1.jar;C:\Users\Mutti Foods India\.m2\repository\org\hibernate\common\hibernate-commons-annotations\5.0.1.Final\hibernate-commons-annotations-5.0.1.Final.jar;C:\Users\Mutti Foods India\.m2\repository\org\springframework\spring-core\4.3.6.RELEASE\spring-core-4.3.6.RELEASE.jar;C:\Users\Mutti Foods India\.m2\repository\commons-logging\commons-logging\1.2\commons-logging-1.2.jar;C:\Users\Mutti Foods India\.m2\repository\org\springframework\spring-context\4.3.6.RELEASE\spring-context-4.3.6.RELEASE.jar;C:\Users\Mutti Foods India\.m2\repository\org\springframework\spring-aop\4.3.6.RELEASE\spring-aop-4.3.6.RELEASE.jar;C:\Users\Mutti Foods India\.m2\repository\org\springframework\spring-beans\4.3.6.RELEASE\spring-beans-4.3.6.RELEASE.jar;C:\Users\Mutti Foods India\.m2\repository\org\springframework\spring-expression\4.3.6.RELEASE\spring-expression-4.3.6.RELEASE.jar;C:\Users\Mutti Foods India\.m2\repository\org\springframework\spring-orm\4.3.6.RELEASE\spring-orm-4.3.6.RELEASE.jar;C:\Users\Mutti Foods India\.m2\repository\org\springframework\spring-jdbc\4.3.6.RELEASE\spring-jdbc-4.3.6.RELEASE.jar;C:\Users\Mutti Foods India\.m2\repository\org\springframework\spring-web\4.3.6.RELEASE\spring-web-4.3.6.RELEASE.jar;C:\Users\Mutti Foods India\.m2\repository\org\springframework\spring-tx\4.3.6.RELEASE\spring-tx-4.3.6.RELEASE.jar;"/>
    <property name="java.vm.vendor" value="Oracle Corporation"/>
    <property name="sun.arch.data.model" value="64"/>
    <property name="user.variant" value=""/>
    <property name="java.vendor.url" value="http://java.oracle.com/"/>
    <property name="user.timezone" value=""/>
    <property name="java.vm.specification.version" value="1.8"/>
    <property name="os.name" value="Windows 10"/>
    <property name="user.country" value="IN"/>
    <property name="sun.java.launcher" value="SUN_STANDARD"/>
    <property name="sun.boot.library.path" value="C:\Program Files\Java\jdk1.8.0_161\jre\bin"/>
    <property name="sun.java.command" value="C:\Users\MUTTIF~1\AppData\Local\Temp\surefire1051638296302581143\surefirebooter2430612387376347519.jar C:\Users\Mutti Foods India\AppData\Local\Temp\surefire1051638296302581143 2018-11-18T13-49-28_085-jvmRun1 surefire2167141123305788490tmp surefire_06637052640517102149tmp"/>
    <property name="surefire.test.class.path" value="C:\Users\Mutti Foods India\DtProject\backendproject\target\test-classes;C:\Users\Mutti Foods India\DtProject\backendproject\target\classes;C:\Users\Mutti Foods India\.m2\repository\junit\junit\4.11\junit-4.11.jar;C:\Users\Mutti Foods India\.m2\repository\org\hamcrest\hamcrest-core\1.3\hamcrest-core-1.3.jar;C:\Users\Mutti Foods India\.m2\repository\com\h2database\h2\1.4.196\h2-1.4.196.jar;C:\Users\Mutti Foods India\.m2\repository\org\hibernate\hibernate-core\5.2.7.Final\hibernate-core-5.2.7.Final.jar;C:\Users\Mutti Foods India\.m2\repository\org\jboss\logging\jboss-logging\3.3.0.Final\jboss-logging-3.3.0.Final.jar;C:\Users\Mutti Foods India\.m2\repository\org\hibernate\javax\persistence\hibernate-jpa-2.1-api\1.0.0.Final\hibernate-jpa-2.1-api-1.0.0.Final.jar;C:\Users\Mutti Foods India\.m2\repository\org\javassist\javassist\3.20.0-GA\javassist-3.20.0-GA.jar;C:\Users\Mutti Foods India\.m2\repository\antlr\antlr\2.7.7\antlr-2.7.7.jar;C:\Users\Mutti Foods India\.m2\repository\org\apache\geronimo\specs\geronimo-jta_1.1_spec\1.1.1\geronimo-jta_1.1_spec-1.1.1.jar;C:\Users\Mutti Foods India\.m2\repository\org\jboss\jandex\2.0.3.Final\jandex-2.0.3.Final.jar;C:\Users\Mutti Foods India\.m2\repository\com\fasterxml\classmate\1.3.0\classmate-1.3.0.jar;C:\Users\Mutti Foods India\.m2\repository\dom4j\dom4j\1.6.1\dom4j-1.6.1.jar;C:\Users\Mutti Foods India\.m2\repository\org\hibernate\common\hibernate-commons-annotations\5.0.1.Final\hibernate-commons-annotations-5.0.1.Final.jar;C:\Users\Mutti Foods India\.m2\repository\org\springframework\spring-core\4.3.6.RELEASE\spring-core-4.3.6.RELEASE.jar;C:\Users\Mutti Foods India\.m2\repository\commons-logging\commons-logging\1.2\commons-logging-1.2.jar;C:\Users\Mutti Foods India\.m2\repository\org\springframework\spring-context\4.3.6.RELEASE\spring-context-4.3.6.RELEASE.jar;C:\Users\Mutti Foods India\.m2\repository\org\springframework\spring-aop\4.3.6.RELEASE\spring-aop-4.3.6.RELEASE.jar;C:\Users\Mutti Foods India\.m2\repository\org\springframework\spring-beans\4.3.6.RELEASE\spring-beans-4.3.6.RELEASE.jar;C:\Users\Mutti Foods India\.m2\repository\org\springframework\spring-expression\4.3.6.RELEASE\spring-expression-4.3.6.RELEASE.jar;C:\Users\Mutti Foods India\.m2\repository\org\springframework\spring-orm\4.3.6.RELEASE\spring-orm-4.3.6.RELEASE.jar;C:\Users\Mutti Foods India\.m2\repository\org\springframework\spring-jdbc\4.3.6.RELEASE\spring-jdbc-4.3.6.RELEASE.jar;C:\Users\Mutti Foods India\.m2\repository\org\springframework\spring-web\4.3.6.RELEASE\spring-web-4.3.6.RELEASE.jar;C:\Users\Mutti Foods India\.m2\repository\org\springframework\spring-tx\4.3.6.RELEASE\spring-tx-4.3.6.RELEASE.jar;"/>
    <property name="sun.cpu.endian" value="little"/>
    <property name="user.home" value="C:\Users\Mutti Foods India"/>
    <property name="user.language" value="en"/>
    <property name="java.specification.vendor" value="Oracle Corporation"/>
    <property name="java.home" value="C:\Program Files\Java\jdk1.8.0_161\jre"/>
    <property name="basedir" value="C:\Users\Mutti Foods India\DtProject\backendproject"/>
    <property name="file.separator" value="\"/>
    <property name="line.separator" value="&#10;"/>
    <property name="java.vm.specification.vendor" value="Oracle Corporation"/>
    <property name="java.specification.name" value="Java Platform API Specification"/>
    <property name="java.awt.graphicsenv" value="sun.awt.Win32GraphicsEnvironment"/>
    <property name="surefire.real.class.path" value="C:\Users\MUTTIF~1\AppData\Local\Temp\surefire1051638296302581143\surefirebooter2430612387376347519.jar"/>
    <property name="sun.boot.class.path" value="C:\Program Files\Java\jdk1.8.0_161\jre\lib\resources.jar;C:\Program Files\Java\jdk1.8.0_161\jre\lib\rt.jar;C:\Program Files\Java\jdk1.8.0_161\jre\lib\sunrsasign.jar;C:\Program Files\Java\jdk1.8.0_161\jre\lib\jsse.jar;C:\Program Files\Java\jdk1.8.0_161\jre\lib\jce.jar;C:\Program Files\Java\jdk1.8.0_161\jre\lib\charsets.jar;C:\Program Files\Java\jdk1.8.0_161\jre\lib\jfr.jar;C:\Program Files\Java\jdk1.8.0_161\jre\classes"/>
    <property name="user.script" value=""/>
    <property name="sun.management.compiler" value="HotSpot 64-Bit Tiered Compilers"/>
    <property name="java.runtime.version" value="1.8.0_161-b12"/>
    <property name="user.name" value="Mutti Foods India"/>
    <property name="path.separator" value=";"/>
    <property name="os.version" value="10.0"/>
    <property name="java.endorsed.dirs" value="C:\Program Files\Java\jdk1.8.0_161\jre\lib\endorsed"/>
    <property name="java.runtime.name" value="Java(TM) SE Runtime Environment"/>
    <property name="file.encoding" value="Cp1252"/>
    <property name="java.vm.name" value="Java HotSpot(TM) 64-Bit Server VM"/>
    <property name="localRepository" value="C:\Users\Mutti Foods India\.m2\repository"/>
    <property name="java.vendor.url.bug" value="http://bugreport.sun.com/bugreport/"/>
    <property name="java.io.tmpdir" value="C:\Users\MUTTIF~1\AppData\Local\Temp\"/>
    <property name="java.version" value="1.8.0_161"/>
    <property name="user.dir" value="C:\Users\Mutti Foods India\DtProject\backendproject"/>
    <property name="os.arch" value="amd64"/>
    <property name="java.vm.specification.name" value="Java Virtual Machine Specification"/>
    <property name="java.awt.printerjob" value="sun.awt.windows.WPrinterJob"/>
    <property name="sun.os.patch.level" value=""/>
    <property name="java.library.path" value="C:\Program Files\Java\jdk1.8.0_161\jre\bin;C:\WINDOWS\Sun\Java\bin;C:\WINDOWS\system32;C:\WINDOWS;C:/Program Files/Java/jre1.8.0_181/bin/server;C:/Program Files/Java/jre1.8.0_181/bin;C:/Program Files/Java/jre1.8.0_181/lib/amd64;C:\oraclexe\app\oracle\product\11.2.0\server\bin;C:\ProgramData\Oracle\Java\javapath;C:\Program Files (x86)\Intel\iCLS Client\;C:\Program Files\Intel\iCLS Client\;C:\WINDOWS\system32;C:\WINDOWS;C:\WINDOWS\System32\Wbem;C:\WINDOWS\System32\WindowsPowerShell\v1.0\;C:\Program Files\Intel\Intel(R) Management Engine Components\DAL;C:\Program Files\Intel\Intel(R) Management Engine Components\IPT;C:\Program Files (x86)\Intel\Intel(R) Management Engine Components\DAL;C:\Program Files (x86)\Intel\Intel(R) Management Engine Components\IPT;C:\Program Files\Lenovo\Bluetooth Software\;C:\Program Files\Lenovo\Bluetooth Software\syswow64;C:\Program Files (x86)\Skype\Phone\;D:\apache-maven-3.5.2-bin\apache-maven-3.5.2\bin;C:\Users\Mutti Foods India\AppData\Local\Microsoft\WindowsApps;;D:\eclipse;;."/>
    <property name="java.vm.info" value="mixed mode"/>
    <property name="java.vendor" value="Oracle Corporation"/>
    <property name="java.vm.version" value="25.161-b12"/>
    <property name="java.ext.dirs" value="C:\Program Files\Java\jdk1.8.0_161\jre\lib\ext;C:\WINDOWS\Sun\Java\lib\ext"/>
    <property name="sun.io.unicode.encoding" value="UnicodeLittle"/>
    <property name="java.class.version" value="52.0"/>
  </properties>
  <testcase name="updateProduct" classname="com.onlineshop.backendproject.ProductTest" time="0">
    <skipped/>
    <system-err><![CDATA[Nov 18, 2018 1:49:37 PM org.springframework.context.annotation.AnnotationConfigApplicationContext prepareRefresh
INFO: Refreshing org.springframework.context.annotation.AnnotationConfigApplicationContext@5a101b1c: startup date [Sun Nov 18 13:49:37 IST 2018]; root of context hierarchy
Nov 18, 2018 1:49:38 PM org.springframework.jdbc.datasource.DriverManagerDataSource setDriverClassName
INFO: Loaded JDBC driver: org.h2.Driver
Nov 18, 2018 1:49:38 PM org.hibernate.dialect.Dialect <init>
INFO: HHH000400: Using dialect: org.hibernate.dialect.H2Dialect
Nov 18, 2018 1:49:38 PM org.springframework.orm.hibernate5.HibernateTransactionManager afterPropertiesSet
INFO: Using DataSource [org.springframework.jdbc.datasource.DriverManagerDataSource@6f6962ba] of Hibernate SessionFactory for HibernateTransactionManager
]]></system-err>
  </testcase>
  <testcase name="getAllProducts" classname="com.onlineshop.backendproject.ProductTest" time="0">
    <skipped/>
  </testcase>
  <testcase name="getProductId" classname="com.onlineshop.backendproject.ProductTest" time="0">
    <skipped/>
  </testcase>
  <testcase name="deleteProduct" classname="com.onlineshop.backendproject.ProductTest" time="0">
    <skipped/>
  </testcase>
  <testcase name="addProduct" classname="com.onlineshop.backendproject.ProductTest" time="0.457">
    <error message="could not execute statement; SQL [n/a]; constraint [&quot;FK91H9H6MQDQWBRBDO91XC7B30C: PUBLIC.PRO_TAB FOREIGN KEY(CATEGORYID) REFERENCES PUBLIC.CAT_TAB(CATEGORYID) (1)&quot;; SQL statement:&#10;insert into Pro_tab (categoryid, imgName, price, productdescription, productname, quantity, status, supplierid, productid) values (?, ?, ?, ?, ?, ?, ?, ?, ?) [23506-196]]; nested exception is org.hibernate.exception.ConstraintViolationException: could not execute statement" type="org.springframework.dao.DataIntegrityViolationException">org.springframework.dao.DataIntegrityViolationException: 
could not execute statement; SQL [n/a]; constraint ["FK91H9H6MQDQWBRBDO91XC7B30C: PUBLIC.PRO_TAB FOREIGN KEY(CATEGORYID) REFERENCES PUBLIC.CAT_TAB(CATEGORYID) (1)"; SQL statement:
insert into Pro_tab (categoryid, imgName, price, productdescription, productname, quantity, status, supplierid, productid) values (?, ?, ?, ?, ?, ?, ?, ?, ?) [23506-196]]; nested exception is org.hibernate.exception.ConstraintViolationException: could not execute statement
	at com.onlineshop.backendproject.ProductTest.addProduct(ProductTest.java:38)
Caused by: org.hibernate.exception.ConstraintViolationException: could not execute statement
	at com.onlineshop.backendproject.ProductTest.addProduct(ProductTest.java:38)
Caused by: org.h2.jdbc.JdbcSQLException: 
Referential integrity constraint violation: "FK91H9H6MQDQWBRBDO91XC7B30C: PUBLIC.PRO_TAB FOREIGN KEY(CATEGORYID) REFERENCES PUBLIC.CAT_TAB(CATEGORYID) (1)"; SQL statement:
insert into Pro_tab (categoryid, imgName, price, productdescription, productname, quantity, status, supplierid, productid) values (?, ?, ?, ?, ?, ?, ?, ?, ?) [23506-196]
	at com.onlineshop.backendproject.ProductTest.addProduct(ProductTest.java:38)
</error>
    <system-out><![CDATA[Hibernate: call next value for hibernate_sequence
Hibernate: insert into Pro_tab (categoryid, imgName, price, productdescription, productname, quantity, status, supplierid, productid) values (?, ?, ?, ?, ?, ?, ?, ?, ?)
]]></system-out>
    <system-err><![CDATA[Nov 18, 2018 1:49:39 PM org.hibernate.engine.jdbc.spi.SqlExceptionHelper logExceptions
WARN: SQL Error: 23506, SQLState: 23506
Nov 18, 2018 1:49:39 PM org.hibernate.engine.jdbc.spi.SqlExceptionHelper logExceptions
ERROR: Referential integrity constraint violation: "FK91H9H6MQDQWBRBDO91XC7B30C: PUBLIC.PRO_TAB FOREIGN KEY(CATEGORYID) REFERENCES PUBLIC.CAT_TAB(CATEGORYID) (1)"; SQL statement:
insert into Pro_tab (categoryid, imgName, price, productdescription, productname, quantity, status, supplierid, productid) values (?, ?, ?, ?, ?, ?, ?, ?, ?) [23506-196]
Nov 18, 2018 1:49:39 PM org.hibernate.engine.jdbc.batch.internal.AbstractBatchImpl release
INFO: HHH000010: On release of batch it still contained JDBC statements
Nov 18, 2018 1:49:39 PM org.hibernate.internal.ExceptionMapperStandardImpl mapManagedFlushFailure
ERROR: HHH000346: Error during managed flush [org.hibernate.exception.ConstraintViolationException: could not execute statement]
]]></system-err>
  </testcase>
  <testcase name="getAllProductsByCategory" classname="com.onlineshop.backendproject.ProductTest" time="0">
    <skipped/>
  </testcase>
</testsuite>